#
# There is insufficient memory for the Java Runtime Environment to continue.
# Native memory allocation (malloc) failed to allocate 1340656 bytes for Chunk::new
# Possible reasons:
#   The system is out of physical RAM or swap space
#   In 32 bit mode, the process size limit was hit
# Possible solutions:
#   Reduce memory load on the system
#   Increase physical memory or swap space
#   Check if swap backing store is full
#   Use 64 bit Java on a 64 bit OS
#   Decrease Java heap size (-Xmx/-Xms)
#   Decrease number of Java threads
#   Decrease Java thread stack sizes (-Xss)
#   Set larger code cache with -XX:ReservedCodeCacheSize=
# This output file may be truncated or incomplete.
#
#  Out of Memory Error (allocation.cpp:390), pid=8292, tid=0x0000000000000a08
#
# JRE version: OpenJDK Runtime Environment (8.0_152-b02) (build 1.8.0_152-release-1024-b02)
# Java VM: OpenJDK 64-Bit Server VM (25.152-b02 mixed mode windows-amd64 compressed oops)
# Failed to write core dump. Minidumps are not enabled by default on client versions of Windows
#

---------------  T H R E A D  ---------------

Current thread (0x0000000016658000):  JavaThread "C2 CompilerThread0" daemon [_thread_in_native, id=2568, stack(0x0000000017ca0000,0x0000000017da0000)]

Stack: [0x0000000017ca0000,0x0000000017da0000]
[error occurred during error reporting (printing stack bounds), id 0xc0000005]

Native frames: (J=compiled Java code, j=interpreted, Vv=VM code, C=native code)


Current CompileTask:
C2: 542613 17470       4       com.android.tools.r8.graph.ProgramClassVisitor::accept (47 bytes)


---------------  P R O C E S S  ---------------

Java Threads: ( => current thread )
  0x000000001be8b800 JavaThread "ForkJoinPool.commonPool-worker-7" daemon [_thread_new, id=9476, stack(0x0000000000000000,0x0000000000000000)]
  0x000000001be8b000 JavaThread "ForkJoinPool-17-worker-0" daemon [_thread_blocked, id=11808, stack(0x00000000398a0000,0x00000000399a0000)]
  0x000000001be8a000 JavaThread "ForkJoinPool-17-worker-1" daemon [_thread_blocked, id=6760, stack(0x00000000397a0000,0x00000000398a0000)]
  0x000000001be88800 JavaThread "ForkJoinPool.commonPool-worker-5" daemon [_thread_blocked, id=7548, stack(0x00000000396a0000,0x00000000397a0000)]
  0x000000001c95e800 JavaThread "ForkJoinPool-16-worker-0" daemon [_thread_blocked, id=5048, stack(0x00000000395a0000,0x00000000396a0000)]
  0x000000001c95c000 JavaThread "ForkJoinPool-16-worker-1" daemon [_thread_blocked, id=4540, stack(0x00000000394a0000,0x00000000395a0000)]
  0x000000001c960000 JavaThread "ForkJoinPool-15-worker-0" daemon [_thread_blocked, id=10484, stack(0x00000000393a0000,0x00000000394a0000)]
  0x000000001c95b800 JavaThread "ForkJoinPool-15-worker-1" daemon [_thread_blocked, id=3892, stack(0x00000000392a0000,0x00000000393a0000)]
  0x000000001c964800 JavaThread "ForkJoinPool-14-worker-1" daemon [_thread_blocked, id=3224, stack(0x00000000391a0000,0x00000000392a0000)]
  0x000000001c963800 JavaThread "ForkJoinPool.commonPool-worker-6" daemon [_thread_blocked, id=12148, stack(0x00000000390a0000,0x00000000391a0000)]
  0x000000001c95f000 JavaThread "ForkJoinPool-13-worker-0" daemon [_thread_blocked, id=11672, stack(0x0000000038fa0000,0x00000000390a0000)]
  0x000000001c963000 JavaThread "ForkJoinPool-13-worker-1" daemon [_thread_blocked, id=8548, stack(0x0000000038ea0000,0x0000000038fa0000)]
  0x000000001c95a800 JavaThread "ForkJoinPool-12-worker-0" daemon [_thread_blocked, id=8836, stack(0x0000000038da0000,0x0000000038ea0000)]
  0x000000001c961800 JavaThread "ForkJoinPool-12-worker-1" daemon [_thread_blocked, id=2620, stack(0x0000000038ca0000,0x0000000038da0000)]
  0x000000001c960800 JavaThread "ForkJoinPool.commonPool-worker-1" daemon [_thread_blocked, id=7876, stack(0x0000000038ba0000,0x0000000038ca0000)]
  0x000000001c957800 JavaThread "ForkJoinPool.commonPool-worker-2" daemon [_thread_blocked, id=9972, stack(0x00000000386a0000,0x00000000387a0000)]
  0x000000001c959000 JavaThread "ForkJoinPool.commonPool-worker-0" daemon [_thread_blocked, id=1484, stack(0x00000000342a0000,0x00000000343a0000)]
  0x000000001c95a000 JavaThread "ForkJoinPool.commonPool-worker-3" daemon [_thread_blocked, id=10860, stack(0x00000000341a0000,0x00000000342a0000)]
  0x0000000019c51800 JavaThread "Task worker for ':' Thread 3" [_thread_blocked, id=11484, stack(0x00000000333a0000,0x00000000334a0000)]
  0x0000000019c51000 JavaThread "Task worker for ':' Thread 2" [_thread_blocked, id=4212, stack(0x00000000332a0000,0x00000000333a0000)]
  0x0000000019c50000 JavaThread "Task worker for ':'" [_thread_blocked, id=11020, stack(0x00000000331a0000,0x00000000332a0000)]
  0x0000000019c4f800 JavaThread "Cache worker for Build Output Cleanup Cache (C:\Users\Injung Ahn\Poppingapp\PoppingAppBackend\.gradle\buildOutputCleanup)" [_thread_blocked, id=592, stack(0x00000000330a0000,0x00000000331a0000)]
  0x0000000019c4e800 JavaThread "Cache worker for task history cache (C:\Users\Injung Ahn\Poppingapp\PoppingAppBackend\.gradle\4.4\taskHistory)" [_thread_blocked, id=5688, stack(0x0000000032fa0000,0x00000000330a0000)]
  0x0000000019c47000 JavaThread "Cache worker for file content cache (C:\Users\Injung Ahn\Poppingapp\PoppingAppBackend\.gradle\4.4\fileContent)" [_thread_blocked, id=7468, stack(0x0000000032ea0000,0x0000000032fa0000)]
  0x0000000019c4e000 JavaThread "build operations Thread 4" [_thread_blocked, id=7096, stack(0x0000000032da0000,0x0000000032ea0000)]
  0x0000000019c46800 JavaThread "build operations Thread 3" [_thread_blocked, id=6232, stack(0x0000000032ca0000,0x0000000032da0000)]
  0x0000000019c4d000 JavaThread "build operations Thread 2" [_thread_blocked, id=1160, stack(0x0000000032ba0000,0x0000000032ca0000)]
  0x0000000019c4c800 JavaThread "build operations" [_thread_blocked, id=11840, stack(0x0000000032aa0000,0x0000000032ba0000)]
  0x0000000019c45000 JavaThread "Cache worker for Artifact transforms cache (C:\Users\Injung Ahn\.gradle\caches\transforms-1)" [_thread_blocked, id=11472, stack(0x00000000329a0000,0x0000000032aa0000)]
  0x0000000019c44000 JavaThread "Cache worker for file hash cache (C:\Users\Injung Ahn\Poppingapp\PoppingAppBackend\.gradle\4.4\fileHashes)" [_thread_blocked, id=7180, stack(0x00000000328a0000,0x00000000329a0000)]
  0x0000000019c4b000 JavaThread "Stdin handler" [_thread_blocked, id=6688, stack(0x00000000327a0000,0x00000000328a0000)]
  0x0000000019c43800 JavaThread "Asynchronous log dispatcher for DefaultDaemonConnection: socket connection from /127.0.0.1:51869 to /127.0.0.1:52426" [_thread_blocked, id=988, stack(0x00000000326a0000,0x00000000327a0000)]
  0x0000000019c42800 JavaThread "Daemon worker Thread 5" [_thread_blocked, id=7892, stack(0x00000000325a0000,0x00000000326a0000)]
  0x0000000019c48800 JavaThread "Cancel handler" [_thread_blocked, id=5860, stack(0x00000000324a0000,0x00000000325a0000)]
  0x0000000019c49800 JavaThread "Handler for socket connection from /127.0.0.1:51869 to /127.0.0.1:52426" [_thread_in_native, id=3648, stack(0x00000000323a0000,0x00000000324a0000)]
  0x0000000019c48000 JavaThread "Daemon Thread 5" [_thread_blocked, id=2952, stack(0x00000000322a0000,0x00000000323a0000)]
  0x000000001be86800 JavaThread "Memory manager" [_thread_blocked, id=10536, stack(0x0000000021da0000,0x0000000021ea0000)]
  0x00000000180df800 JavaThread "File lock request listener" [_thread_in_native, id=6724, stack(0x000000001b0f0000,0x000000001b1f0000)]
  0x0000000019aff000 JavaThread "Cache worker for file hash cache (C:\Users\Injung Ahn\.gradle\caches\4.4\fileHashes)" [_thread_blocked, id=11420, stack(0x000000001aff0000,0x000000001b0f0000)]
  0x00000000191cd800 JavaThread "Daemon periodic checks" [_thread_blocked, id=12016, stack(0x000000001a4f0000,0x000000001a5f0000)]
  0x00000000194f5800 JavaThread "Incoming local TCP Connector on port 51869" [_thread_in_native, id=8304, stack(0x000000001a2b0000,0x000000001a3b0000)]
  0x0000000017fb5000 JavaThread "Service Thread" daemon [_thread_blocked, id=8088, stack(0x00000000183a0000,0x00000000184a0000)]
  0x0000000016659000 JavaThread "C1 CompilerThread2" daemon [_thread_blocked, id=9692, stack(0x0000000017ea0000,0x0000000017fa0000)]
  0x000000001664b800 JavaThread "C2 CompilerThread1" daemon [_thread_blocked, id=3288, stack(0x0000000017da0000,0x0000000017ea0000)]
=>0x0000000016658000 JavaThread "C2 CompilerThread0" daemon [_thread_in_native, id=2568, stack(0x0000000017ca0000,0x0000000017da0000)]
  0x0000000016656800 JavaThread "Attach Listener" daemon [_thread_blocked, id=4884, stack(0x0000000017ba0000,0x0000000017ca0000)]
  0x0000000016655000 JavaThread "Signal Dispatcher" daemon [_thread_blocked, id=6796, stack(0x0000000017aa0000,0x0000000017ba0000)]
  0x0000000002cdc800 JavaThread "Finalizer" daemon [_thread_blocked, id=10544, stack(0x00000000178b0000,0x00000000179b0000)]
  0x0000000002cd1800 JavaThread "Reference Handler" daemon [_thread_blocked, id=1636, stack(0x00000000177b0000,0x00000000178b0000)]
  0x0000000002be2800 JavaThread "main" [_thread_blocked, id=11848, stack(0x0000000002ad0000,0x0000000002bd0000)]

Other Threads:
  0x0000000016616000 VMThread [stack: 0x00000000176b0000,0x00000000177b0000] [id=8564]
  0x0000000017fb5800 WatcherThread [stack: 0x00000000184a0000,0x00000000185a0000] [id=10892]

VM state:synchronizing (normal execution)

VM Mutex/Monitor currently owned by a thread:  ([mutex/lock_event])
[0x0000000002acde60] Safepoint_lock - owner thread: 0x0000000016616000
[0x0000000002acdc60] Threads_lock - owner thread: 0x0000000016616000

Heap:
 PSYoungGen      total 428032K, used 320747K [0x00000000e0000000, 0x0000000100000000, 0x0000000100000000)
  eden space 385536K, 81% used [0x00000000e0000000,0x00000000f322a550,0x00000000f7880000)
  from space 42496K, 17% used [0x00000000f7880000,0x00000000f7f90878,0x00000000fa200000)
  to   space 41984K, 0% used [0x00000000fd700000,0x00000000fd700000,0x0000000100000000)
 ParOldGen       total 129536K, used 80772K [0x00000000a0000000, 0x00000000a7e80000, 0x00000000e0000000)
  object space 129536K, 62% used [0x00000000a0000000,0x00000000a4ee12d0,0x00000000a7e80000)
 Metaspace       used 79308K, capacity 82878K, committed 83072K, reserved 1122304K
  class space    used 10135K, capacity 10838K, committed 10880K, reserved 1048576K

Card table byte_map: [0x00000000120a0000,0x00000000123b0000] byte_map_base: 0x0000000011ba0000

Marking Bits: (ParMarkBitMap*) 0x000000005fca4970
 Begin Bits: [0x00000000129b0000, 0x00000000141b0000)
 End Bits:   [0x00000000141b0000, 0x00000000159b0000)

Polling page: 0x0000000002a50000

CodeCache: size=245760Kb used=48287Kb max_used=48296Kb free=197472Kb
 bounds [0x0000000002ce0000, 0x0000000005c60000, 0x0000000011ce0000]
 total_blobs=15297 nmethods=14458 adapters=749
 compilation: enabled

Compilation events (10 events):
Event: 542.458 Thread 0x000000001664b800 nmethod 17505 0x00000000038d5010 code [0x00000000038d51c0, 0x00000000038d5650]
Event: 542.458 Thread 0x000000001664b800 17500       4       java.util.TimSort::mergeAt (358 bytes)
Event: 542.463 Thread 0x000000001664b800 nmethod 17500 0x0000000005c4c310 code [0x0000000005c4c4a0, 0x0000000005c4c810]
Event: 542.464 Thread 0x000000001664b800 17499       4       java.util.Collections$SetFromMap::size (10 bytes)
Event: 542.465 Thread 0x000000001664b800 nmethod 17499 0x0000000005c1f450 code [0x0000000005c1f5a0, 0x0000000005c1f638]
Event: 542.467 Thread 0x000000001664b800 17501       4       com.android.tools.r8.graph.DexEncodedAnnotation::sortedHashCode (15 bytes)
Event: 542.478 Thread 0x000000001664b800 nmethod 17501 0x0000000005c502d0 code [0x0000000005c50440, 0x0000000005c509f8]
Event: 542.512 Thread 0x000000001664b800 17508       4       com.android.tools.r8.it.unimi.dsi.fastutil.objects.Reference2IntLinkedOpenHashMap::rehash (315 bytes)
Event: 542.515 Thread 0x0000000016659000 17510       3       com.android.tools.r8.code.Move::write (7 bytes)
Event: 542.515 Thread 0x0000000016659000 nmethod 17510 0x0000000005c4fb90 code [0x0000000005c4fd20, 0x0000000005c500e8]

GC Heap History (10 events):
Event: 178.666 GC heap before
{Heap before GC invocations=12 (full 3):
 PSYoungGen      total 366080K, used 345600K [0x00000000e0000000, 0x00000000f8200000, 0x0000000100000000)
  eden space 345600K, 100% used [0x00000000e0000000,0x00000000f5180000,0x00000000f5180000)
  from space 20480K, 0% used [0x00000000f6980000,0x00000000f6980000,0x00000000f7d80000)
  to   space 24576K, 0% used [0x00000000f5180000,0x00000000f5180000,0x00000000f6980000)
 ParOldGen       total 129536K, used 34862K [0x00000000a0000000, 0x00000000a7e80000, 0x00000000e0000000)
  object space 129536K, 26% used [0x00000000a0000000,0x00000000a220b918,0x00000000a7e80000)
 Metaspace       used 73829K, capacity 76588K, committed 76800K, reserved 1116160K
  class space    used 9820K, capacity 10417K, committed 10496K, reserved 1048576K
Event: 178.706 GC heap after
Heap after GC invocations=12 (full 3):
 PSYoungGen      total 370176K, used 23889K [0x00000000e0000000, 0x00000000fc780000, 0x0000000100000000)
  eden space 345600K, 0% used [0x00000000e0000000,0x00000000e0000000,0x00000000f5180000)
  from space 24576K, 97% used [0x00000000f5180000,0x00000000f68d44e8,0x00000000f6980000)
  to   space 28160K, 0% used [0x00000000fac00000,0x00000000fac00000,0x00000000fc780000)
 ParOldGen       total 129536K, used 34870K [0x00000000a0000000, 0x00000000a7e80000, 0x00000000e0000000)
  object space 129536K, 26% used [0x00000000a0000000,0x00000000a220d918,0x00000000a7e80000)
 Metaspace       used 73829K, capacity 76588K, committed 76800K, reserved 1116160K
  class space    used 9820K, capacity 10417K, committed 10496K, reserved 1048576K
}
Event: 396.591 GC heap before
{Heap before GC invocations=13 (full 3):
 PSYoungGen      total 370176K, used 369489K [0x00000000e0000000, 0x00000000fc780000, 0x0000000100000000)
  eden space 345600K, 100% used [0x00000000e0000000,0x00000000f5180000,0x00000000f5180000)
  from space 24576K, 97% used [0x00000000f5180000,0x00000000f68d44e8,0x00000000f6980000)
  to   space 28160K, 0% used [0x00000000fac00000,0x00000000fac00000,0x00000000fc780000)
 ParOldGen       total 129536K, used 34870K [0x00000000a0000000, 0x00000000a7e80000, 0x00000000e0000000)
  object space 129536K, 26% used [0x00000000a0000000,0x00000000a220d918,0x00000000a7e80000)
 Metaspace       used 75481K, capacity 78586K, committed 78720K, reserved 1118208K
  class space    used 9867K, capacity 10498K, committed 10624K, reserved 1048576K
Event: 396.618 GC heap after
Heap after GC invocations=13 (full 3):
 PSYoungGen      total 349696K, used 17462K [0x00000000e0000000, 0x00000000fbd80000, 0x0000000100000000)
  eden space 331776K, 0% used [0x00000000e0000000,0x00000000e0000000,0x00000000f4400000)
  from space 17920K, 97% used [0x00000000fac00000,0x00000000fbd0d9d0,0x00000000fbd80000)
  to   space 28160K, 0% used [0x00000000f8680000,0x00000000f8680000,0x00000000fa200000)
 ParOldGen       total 129536K, used 34878K [0x00000000a0000000, 0x00000000a7e80000, 0x00000000e0000000)
  object space 129536K, 26% used [0x00000000a0000000,0x00000000a220f918,0x00000000a7e80000)
 Metaspace       used 75481K, capacity 78586K, committed 78720K, reserved 1118208K
  class space    used 9867K, capacity 10498K, committed 10624K, reserved 1048576K
}
Event: 465.110 GC heap before
{Heap before GC invocations=14 (full 3):
 PSYoungGen      total 349696K, used 349238K [0x00000000e0000000, 0x00000000fbd80000, 0x0000000100000000)
  eden space 331776K, 100% used [0x00000000e0000000,0x00000000f4400000,0x00000000f4400000)
  from space 17920K, 97% used [0x00000000fac00000,0x00000000fbd0d9d0,0x00000000fbd80000)
  to   space 28160K, 0% used [0x00000000f8680000,0x00000000f8680000,0x00000000fa200000)
 ParOldGen       total 129536K, used 34878K [0x00000000a0000000, 0x00000000a7e80000, 0x00000000e0000000)
  object space 129536K, 26% used [0x00000000a0000000,0x00000000a220f918,0x00000000a7e80000)
 Metaspace       used 77928K, capacity 81368K, committed 81408K, reserved 1120256K
  class space    used 10049K, capacity 10735K, committed 10752K, reserved 1048576K
Event: 465.165 GC heap after
Heap after GC invocations=14 (full 3):
 PSYoungGen      total 347136K, used 28151K [0x00000000e0000000, 0x00000000fac80000, 0x0000000100000000)
  eden space 318976K, 0% used [0x00000000e0000000,0x00000000e0000000,0x00000000f3780000)
  from space 28160K, 99% used [0x00000000f8680000,0x00000000fa1fdf88,0x00000000fa200000)
  to   space 10752K, 0% used [0x00000000fa200000,0x00000000fa200000,0x00000000fac80000)
 ParOldGen       total 129536K, used 50138K [0x00000000a0000000, 0x00000000a7e80000, 0x00000000e0000000)
  object space 129536K, 38% used [0x00000000a0000000,0x00000000a30f6910,0x00000000a7e80000)
 Metaspace       used 77928K, capacity 81368K, committed 81408K, reserved 1120256K
  class space    used 10049K, capacity 10735K, committed 10752K, reserved 1048576K
}
Event: 466.914 GC heap before
{Heap before GC invocations=15 (full 3):
 PSYoungGen      total 347136K, used 346323K [0x00000000e0000000, 0x00000000fac80000, 0x0000000100000000)
  eden space 318976K, 99% used [0x00000000e0000000,0x00000000f36b6c90,0x00000000f3780000)
  from space 28160K, 99% used [0x00000000f8680000,0x00000000fa1fdf88,0x00000000fa200000)
  to   space 10752K, 0% used [0x00000000fa200000,0x00000000fa200000,0x00000000fac80000)
 ParOldGen       total 129536K, used 50138K [0x00000000a0000000, 0x00000000a7e80000, 0x00000000e0000000)
  object space 129536K, 38% used [0x00000000a0000000,0x00000000a30f6910,0x00000000a7e80000)
 Metaspace       used 78336K, capacity 81926K, committed 82048K, reserved 1120256K
  class space    used 10072K, capacity 10784K, committed 10880K, reserved 1048576K
Event: 466.969 GC heap after
Heap after GC invocations=15 (full 3):
 PSYoungGen      total 396288K, used 10727K [0x00000000e0000000, 0x00000000fd480000, 0x0000000100000000)
  eden space 385536K, 0% used [0x00000000e0000000,0x00000000e0000000,0x00000000f7880000)
  from space 10752K, 99% used [0x00000000fa200000,0x00000000fac79f58,0x00000000fac80000)
  to   space 42496K, 0% used [0x00000000f7880000,0x00000000f7880000,0x00000000fa200000)
 ParOldGen       total 129536K, used 73859K [0x00000000a0000000, 0x00000000a7e80000, 0x00000000e0000000)
  object space 129536K, 57% used [0x00000000a0000000,0x00000000a4820fd8,0x00000000a7e80000)
 Metaspace       used 78336K, capacity 81926K, committed 82048K, reserved 1120256K
  class space    used 10072K, capacity 10784K, committed 10880K, reserved 1048576K
}
Event: 533.018 GC heap before
{Heap before GC invocations=16 (full 3):
 PSYoungGen      total 396288K, used 396263K [0x00000000e0000000, 0x00000000fd480000, 0x0000000100000000)
  eden space 385536K, 100% used [0x00000000e0000000,0x00000000f7880000,0x00000000f7880000)
  from space 10752K, 99% used [0x00000000fa200000,0x00000000fac79f58,0x00000000fac80000)
  to   space 42496K, 0% used [0x00000000f7880000,0x00000000f7880000,0x00000000fa200000)
 ParOldGen       total 129536K, used 73859K [0x00000000a0000000, 0x00000000a7e80000, 0x00000000e0000000)
  object space 129536K, 57% used [0x00000000a0000000,0x00000000a4820fd8,0x00000000a7e80000)
 Metaspace       used 78727K, capacity 82260K, committed 82560K, reserved 1120256K
  class space    used 10108K, capacity 10795K, committed 10880K, reserved 1048576K
Event: 533.058 GC heap after
Heap after GC invocations=16 (full 3):
 PSYoungGen      total 428032K, used 7234K [0x00000000e0000000, 0x0000000100000000, 0x0000000100000000)
  eden space 385536K, 0% used [0x00000000e0000000,0x00000000e0000000,0x00000000f7880000)
  from space 42496K, 17% used [0x00000000f7880000,0x00000000f7f90878,0x00000000fa200000)
  to   space 41984K, 0% used [0x00000000fd700000,0x00000000fd700000,0x0000000100000000)
 ParOldGen       total 129536K, used 80772K [0x00000000a0000000, 0x00000000a7e80000, 0x00000000e0000000)
  object space 129536K, 62% used [0x00000000a0000000,0x00000000a4ee12d0,0x00000000a7e80000)
 Metaspace       used 78727K, capacity 82260K, committed 82560K, reserved 1120256K
  class space    used 10108K, capacity 10795K, committed 10880K, reserved 1048576K
}

Deoptimization events (10 events):
Event: 540.019 Thread 0x000000001c95b800 Uncommon trap: reason=array_check action=maybe_recompile pc=0x0000000003a42e44 method=java.util.TimSort.mergeLo(IIII)V @ 375
Event: 541.715 Thread 0x000000001c95c000 Uncommon trap: reason=array_check action=maybe_recompile pc=0x0000000005bd465c method=java.util.TimSort.mergeLo(IIII)V @ 468
Event: 541.715 Thread 0x000000001c95c000 Uncommon trap: reason=array_check action=maybe_recompile pc=0x0000000005b78834 method=java.util.TimSort.mergeHi(IIII)V @ 657
Event: 541.715 Thread 0x000000001c95c000 Uncommon trap: reason=array_check action=maybe_recompile pc=0x0000000005bd465c method=java.util.TimSort.mergeLo(IIII)V @ 468
Event: 541.715 Thread 0x000000001c95c000 Uncommon trap: reason=array_check action=maybe_recompile pc=0x0000000005b7898c method=java.util.TimSort.mergeHi(IIII)V @ 419
Event: 541.715 Thread 0x000000001c95c000 Uncommon trap: reason=array_check action=maybe_recompile pc=0x0000000005b78834 method=java.util.TimSort.mergeHi(IIII)V @ 657
Event: 541.719 Thread 0x000000001c95c000 Uncommon trap: reason=array_check action=maybe_recompile pc=0x0000000005866008 method=java.util.TimSort.mergeHi(IIII)V @ 419
Event: 541.721 Thread 0x000000001c95c000 Uncommon trap: reason=array_check action=maybe_recompile pc=0x00000000039b0784 method=java.util.TimSort.mergeLo(IIII)V @ 375
Event: 542.231 Thread 0x000000001c957800 Uncommon trap: reason=unstable_if action=reinterpret pc=0x0000000005c1e8b0 method=java.util.concurrent.ForkJoinPool.tryCompensate(Ljava/util/concurrent/ForkJoinPool$WorkQueue;)Z @ 113
Event: 542.250 Thread 0x000000001c960800 Uncommon trap: reason=unstable_if action=reinterpret pc=0x0000000005c1f0a0 method=java.util.concurrent.ForkJoinPool.helpStealer(Ljava/util/concurrent/ForkJoinPool$WorkQueue;Ljava/util/concurrent/ForkJoinTask;)V @ 85

Classes redefined (0 events):
No events

Internal exceptions (10 events):
Event: 542.238 Thread 0x000000001c960800 Exception <a 'sun/nio/fs/WindowsException'> (0x00000000f25faf98) thrown at [D:\src\AOSP-openjdk-cygwin\jdk8u\hotspot\src\share\vm\prims\jni.cpp, line 709]
Event: 542.250 Thread 0x000000001c960800 Implicit null exception at 0x0000000005c1ef8d to 0x0000000005c1f155
Event: 542.251 Thread 0x000000001c963800 Exception <a 'sun/nio/fs/WindowsException'> (0x00000000f2692590) thrown at [D:\src\AOSP-openjdk-cygwin\jdk8u\hotspot\src\share\vm\prims\jni.cpp, line 709]
Event: 542.275 Thread 0x000000001c957800 Exception <a 'sun/nio/fs/WindowsException'> (0x00000000f295e9a0) thrown at [D:\src\AOSP-openjdk-cygwin\jdk8u\hotspot\src\share\vm\prims\jni.cpp, line 709]
Event: 542.289 Thread 0x000000001c95a800 Exception <a 'sun/nio/fs/WindowsException'> (0x00000000f280b4d0) thrown at [D:\src\AOSP-openjdk-cygwin\jdk8u\hotspot\src\share\vm\prims\jni.cpp, line 709]
Event: 542.292 Thread 0x000000001c95f000 Exception <a 'sun/nio/fs/WindowsException'> (0x00000000f2b0cc50) thrown at [D:\src\AOSP-openjdk-cygwin\jdk8u\hotspot\src\share\vm\prims\jni.cpp, line 709]
Event: 542.296 Thread 0x000000001c959000 Exception <a 'sun/nio/fs/WindowsException'> (0x00000000f2b8b0d0) thrown at [D:\src\AOSP-openjdk-cygwin\jdk8u\hotspot\src\share\vm\prims\jni.cpp, line 709]
Event: 542.332 Thread 0x000000001c964800 Exception <a 'sun/nio/fs/WindowsException'> (0x00000000f293af98) thrown at [D:\src\AOSP-openjdk-cygwin\jdk8u\hotspot\src\share\vm\prims\jni.cpp, line 709]
Event: 542.460 Thread 0x000000001be88800 Exception <a 'sun/nio/fs/WindowsException'> (0x00000000f2fb9770) thrown at [D:\src\AOSP-openjdk-cygwin\jdk8u\hotspot\src\share\vm\prims\jni.cpp, line 709]
Event: 542.520 Thread 0x000000001c95e800 Exception <a 'sun/nio/fs/WindowsException'> (0x00000000f3122d88) thrown at [D:\src\AOSP-openjdk-cygwin\jdk8u\hotspot\src\share\vm\prims\jni.cpp, line 709]

Events (10 events):
Event: 542.418 Executing VM operation: RevokeBias done
Event: 542.451 Thread 0x000000001664b800 flushing nmethod 0x00000000038d4e10
Event: 542.461 Thread 0x000000001be8a000 Thread added: 0x000000001be8a000
Event: 542.461 Thread 0x000000001be8b000 Thread added: 0x000000001be8b000
Event: 542.512 Thread 0x000000001c95e800 DEOPT PACKING pc=0x000000000569c90d sp=0x000000003969ef80
Event: 542.512 Thread 0x000000001c95e800 DEOPT UNPACKING pc=0x0000000002d275d0 sp=0x000000003969ed48 mode 0
Event: 542.526 Executing VM operation: BulkRevokeBias
Event: 542.530 Executing VM operation: BulkRevokeBias done
Event: 542.530 Thread 0x000000001be8b800 Thread added: 0x000000001be8b800
Event: 542.530 Executing VM operation: RevokeBias


Dynamic libraries:
0x00007ff79d140000 - 0x00007ff79d171000 	C:\Program Files\Android\Android Studio\jre\bin\java.exe
0x00007ff990130000 - 0x00007ff990311000 	C:\WINDOWS\SYSTEM32\ntdll.dll
0x00007ff98f880000 - 0x00007ff98f932000 	C:\WINDOWS\System32\KERNEL32.DLL
0x00007ff98cb60000 - 0x00007ff98cdd3000 	C:\WINDOWS\System32\KERNELBASE.dll
0x00007ff98d5c0000 - 0x00007ff98d661000 	C:\WINDOWS\System32\ADVAPI32.dll
0x00007ff98e010000 - 0x00007ff98e0ae000 	C:\WINDOWS\System32\msvcrt.dll
0x00007ff98e2a0000 - 0x00007ff98e2fb000 	C:\WINDOWS\System32\sechost.dll
0x00007ff98fad0000 - 0x00007ff98fbf4000 	C:\WINDOWS\System32\RPCRT4.dll
0x00007ff98fc50000 - 0x00007ff98fde0000 	C:\WINDOWS\System32\USER32.dll
0x00007ff98c700000 - 0x00007ff98c720000 	C:\WINDOWS\System32\win32u.dll
0x00007ff98fc00000 - 0x00007ff98fc28000 	C:\WINDOWS\System32\GDI32.dll
0x00007ff98c500000 - 0x00007ff98c692000 	C:\WINDOWS\System32\gdi32full.dll
0x00007ff98c720000 - 0x00007ff98c7bf000 	C:\WINDOWS\System32\msvcp_win.dll
0x00007ff98c9b0000 - 0x00007ff98caaa000 	C:\WINDOWS\System32\ucrtbase.dll
0x00007ff97cf50000 - 0x00007ff97d1b9000 	C:\WINDOWS\WinSxS\amd64_microsoft.windows.common-controls_6595b64144ccf1df_6.0.17134.165_none_fb429645306569ac\COMCTL32.dll
0x00007ff98d6f0000 - 0x00007ff98da13000 	C:\WINDOWS\System32\combase.dll
0x00007ff98ce30000 - 0x00007ff98ceaa000 	C:\WINDOWS\System32\bcryptPrimitives.dll
0x00007ff98f740000 - 0x00007ff98f76d000 	C:\WINDOWS\System32\IMM32.DLL
0x0000000060350000 - 0x0000000060422000 	C:\Program Files\Android\Android Studio\jre\jre\bin\msvcr100.dll
0x000000005f4e0000 - 0x000000005fd1f000 	C:\Program Files\Android\Android Studio\jre\jre\bin\server\jvm.dll
0x00007ff98fc30000 - 0x00007ff98fc38000 	C:\WINDOWS\System32\PSAPI.DLL
0x00007ff97ed60000 - 0x00007ff97ed69000 	C:\WINDOWS\SYSTEM32\WSOCK32.dll
0x00007ff98e230000 - 0x00007ff98e29c000 	C:\WINDOWS\System32\WS2_32.dll
0x00007ff97f900000 - 0x00007ff97f923000 	C:\WINDOWS\SYSTEM32\WINMM.dll
0x00007ff9811b0000 - 0x00007ff9811ba000 	C:\WINDOWS\SYSTEM32\VERSION.dll
0x00007ff97f890000 - 0x00007ff97f8ba000 	C:\WINDOWS\SYSTEM32\WINMMBASE.dll
0x00007ff98cde0000 - 0x00007ff98ce29000 	C:\WINDOWS\System32\cfgmgr32.dll
0x00007ff9878c0000 - 0x00007ff9878cf000 	C:\Program Files\Android\Android Studio\jre\jre\bin\verify.dll
0x00007ff986f90000 - 0x00007ff986fb9000 	C:\Program Files\Android\Android Studio\jre\jre\bin\java.dll
0x00007ff986e70000 - 0x00007ff986e86000 	C:\Program Files\Android\Android Studio\jre\jre\bin\zip.dll
0x00007ff98e300000 - 0x00007ff98f740000 	C:\WINDOWS\System32\SHELL32.dll
0x00007ff98f7d0000 - 0x00007ff98f879000 	C:\WINDOWS\System32\shcore.dll
0x00007ff98ceb0000 - 0x00007ff98d5bd000 	C:\WINDOWS\System32\windows.storage.dll
0x00007ff98f770000 - 0x00007ff98f7c1000 	C:\WINDOWS\System32\shlwapi.dll
0x00007ff98c490000 - 0x00007ff98c4a1000 	C:\WINDOWS\System32\kernel.appcore.dll
0x00007ff98c4e0000 - 0x00007ff98c4ff000 	C:\WINDOWS\System32\profapi.dll
0x00007ff98c440000 - 0x00007ff98c48c000 	C:\WINDOWS\System32\powrprof.dll
0x00007ff98c4d0000 - 0x00007ff98c4da000 	C:\WINDOWS\System32\FLTLIB.DLL
0x00007ff986a80000 - 0x00007ff986a9a000 	C:\Program Files\Android\Android Studio\jre\jre\bin\net.dll
0x00007ff98bc60000 - 0x00007ff98bcc6000 	C:\WINDOWS\system32\mswsock.dll
0x00007ff986a60000 - 0x00007ff986a71000 	C:\Program Files\Android\Android Studio\jre\jre\bin\nio.dll
0x00007ff986a40000 - 0x00007ff986a5e000 	C:\Users\Injung Ahn\.gradle\native\25\windows-amd64\native-platform.dll
0x00007ff9878b0000 - 0x00007ff9878bd000 	C:\Program Files\Android\Android Studio\jre\jre\bin\management.dll
0x00007ff98be10000 - 0x00007ff98be27000 	C:\WINDOWS\SYSTEM32\CRYPTSP.dll
0x00007ff98b840000 - 0x00007ff98b873000 	C:\WINDOWS\system32\rsaenh.dll
0x00007ff98bf40000 - 0x00007ff98bf65000 	C:\WINDOWS\SYSTEM32\bcrypt.dll
0x00007ff98c340000 - 0x00007ff98c368000 	C:\WINDOWS\SYSTEM32\USERENV.dll
0x00007ff98be30000 - 0x00007ff98be3b000 	C:\WINDOWS\SYSTEM32\CRYPTBASE.dll
0x00007ff98b9e0000 - 0x00007ff98ba18000 	C:\WINDOWS\SYSTEM32\IPHLPAPI.DLL
0x00007ff98fc40000 - 0x00007ff98fc48000 	C:\WINDOWS\System32\NSI.dll
0x00007ff982af0000 - 0x00007ff982b06000 	C:\WINDOWS\SYSTEM32\dhcpcsvc6.DLL
0x00007ff982ad0000 - 0x00007ff982aea000 	C:\WINDOWS\SYSTEM32\dhcpcsvc.DLL
0x00007ff98b530000 - 0x00007ff98b561000 	C:\WINDOWS\SYSTEM32\ntmarta.dll

VM Arguments:
jvm_args: -Xmx1536m -Dfile.encoding=windows-1252 -Duser.country=US -Duser.language=en -Duser.variant 
java_command: org.gradle.launcher.daemon.bootstrap.GradleDaemon 4.4
java_class_path (initial): C:\Users\Injung Ahn\.gradle\wrapper\dists\gradle-4.4-all\9br9xq1tocpiv8o6njlyu5op1\gradle-4.4\lib\gradle-launcher-4.4.jar
Launcher Type: SUN_STANDARD

Environment Variables:
PATH=C:\Program Files (x86)\Common Files\Oracle\Java\javapath;C:\ProgramData\Oracle\Java\javapath;C:\Program Files\NVIDIA GPU Computing Toolkit\CUDA\v9.0\bin;C:\Program Files\NVIDIA GPU Computing Toolkit\CUDA\v9.0\libnvvp;C:\WINDOWS\system32;C:\WINDOWS;C:\WINDOWS\System32\Wbem;C:\WINDOWS\System32\WindowsPowerShell\v1.0\;C:\Program Files\PuTTY\;C:\Program Files\Git\cmd;C:\Program Files (x86)\NVIDIA Corporation\PhysX\Common;C:\cudnn-8.0-windows10-x64-v5.1\cuda\bin;C:\Users\Injung Ahn\Downloads\nvcuda;;C:\WINDOWS\system32;C:\WINDOWS;C:\WINDOWS\System32\Wbem;C:\WINDOWS\System32\WindowsPowerShell\v1.0\;C:\Program Files\nodejs\;C:\Program Files\dotnet\;C:\WINDOWS\System32\OpenSSH\;C:\Users\Injung Ahn\.cargo\bin;C:\Users\Injung Ahn\AppData\Local\Programs\Python\Python36\Scripts\;C:\Users\Injung Ahn\AppData\Local\Programs\Python\Python36\;C:\Users\Injung Ahn\AppData\Local\Microsoft\WindowsApps;C:\Users\Injung Ahn\AppData\Local\GitHubDesktop\bin;C:\Users\Injung Ahn\AppData\Roaming\Python\Python36\Scripts;C:\Users\Injung Ahn\AppData\Local\Microsoft\WindowsApps;C:\Program Files\Java\jdk-9\bin;C:\Program Files\Microsoft VS Code\bin;C:\Users\Injung Ahn\AppData\Roaming\npm;C:\sqlite3;
USERNAME=Injung Ahn
OS=Windows_NT
PROCESSOR_IDENTIFIER=Intel64 Family 6 Model 69 Stepping 1, GenuineIntel



---------------  S Y S T E M  ---------------

OS: Windows 10.0 , 64 bit Build 17134 (10.0.17134.1)

CPU:total 4 (initial active 4) (2 cores per cpu, 2 threads per core) family 6 model 69 stepping 1, cmov, cx8, fxsr, mmx, sse, sse2, sse3, ssse3, sse4.1, sse4.2, popcnt, avx, avx2, aes, clmul, erms, lzcnt, ht, tsc, tscinvbit, bmi1, bmi2

Memory: 4k page, physical 8307672k(1231564k free), swap 10263512k(5896k free)

vm_info: OpenJDK 64-Bit Server VM (25.152-b02) for windows-amd64 JRE (1.8.0_152-release-1024-b02), built by "builder" with MS VC++ 10.0 (VS2010)

time: Mon Jul 16 17:38:06 2018
elapsed time: 542 seconds (0d 0h 9m 2s)

